ble/build/app/intermediates/manifest_merge_blame_file/debug/manifest-merger-blame-debug-report.txt
1<?xml version="1.0" encoding="utf-8"?>
2<manifest xmlns:android="http://schemas.android.com/apk/res/android"
3    package="com.signify.hue.reactivebleexample"
4    android:versionCode="1"
5    android:versionName="5.0.2" >
6
7    <uses-sdk
8        android:minSdkVersion="21"
8-->src\main\AndroidManifest.xml
9        android:targetSdkVersion="31" />
9-->src\main\AndroidManifest.xml
10
11    <uses-permission android:name="android.permission.INTERNET" />
11-->src\main\AndroidManifest.xml:3:5-66
11-->src\main\AndroidManifest.xml:3:22-64
12    <uses-permission android:name="android.permission.ACCESS_FINE_LOCATION" />
12-->src\main\AndroidManifest.xml:4:5-78
12-->src\main\AndroidManifest.xml:4:22-76
13    <uses-permission android:name="android.permission.READ_PHONE_STATE" />
13-->src\main\AndroidManifest.xml:5:5-74
13-->src\main\AndroidManifest.xml:5:22-72
14    <uses-permission android:name="android.permission.READ_EXTERNAL_STORAGE" />
14-->src\main\AndroidManifest.xml:6:5-79
14-->src\main\AndroidManifest.xml:6:22-77
15    <uses-permission android:name="android.permission.WRITE_EXTERNAL_STORAGE" />
15-->src\main\AndroidManifest.xml:7:5-80
15-->src\main\AndroidManifest.xml:7:22-78
16    <uses-permission android:name="android.permission.MANAGE_EXTERNAL_STORAGE" />
16-->src\main\AndroidManifest.xml:8:5-82
16-->src\main\AndroidManifest.xml:8:22-79
17    <!-- required for API 18 - 30 -->
18    <uses-permission
18-->src\main\AndroidManifest.xml:10:5-12:42
19        android:name="android.permission.BLUETOOTH"
19-->src\main\AndroidManifest.xml:11:13-56
20        android:maxSdkVersion="30" />
20-->src\main\AndroidManifest.xml:12:13-39
21    <uses-permission
21-->src\main\AndroidManifest.xml:13:5-15:42
22        android:name="android.permission.BLUETOOTH_ADMIN"
22-->src\main\AndroidManifest.xml:14:13-62
23        android:maxSdkVersion="30" />
23-->src\main\AndroidManifest.xml:15:13-39
24
25    <!-- required for API 23 - 30 -->
26    <uses-permission-sdk-23
26-->src\main\AndroidManifest.xml:18:5-20:42
27        android:name="android.permission.ACCESS_COARSE_LOCATION"
27-->src\main\AndroidManifest.xml:19:13-69
28        android:maxSdkVersion="30" />
28-->src\main\AndroidManifest.xml:20:13-39
29    <uses-permission-sdk-23
29-->src\main\AndroidManifest.xml:21:5-23:42
30        android:name="android.permission.ACCESS_FINE_LOCATION"
30-->src\main\AndroidManifest.xml:22:13-67
31        android:maxSdkVersion="30" />
31-->src\main\AndroidManifest.xml:23:13-39
32
33    <!-- API 31+ -->
34    <uses-permission android:name="android.permission.BLUETOOTH_CONNECT" />
34-->src\main\AndroidManifest.xml:26:5-76
34-->src\main\AndroidManifest.xml:26:22-73
35    <uses-permission
35-->src\main\AndroidManifest.xml:27:5-29:62
36        android:name="android.permission.BLUETOOTH_SCAN"
36-->src\main\AndroidManifest.xml:28:13-61
37        android:usesPermissionFlags="neverForLocation" />
37-->src\main\AndroidManifest.xml:29:13-59
38
39    <meta-data
39-->src\main\AndroidManifest.xml:50:5-52:29
40        android:name="flutterEmbedding"
40-->src\main\AndroidManifest.xml:51:9-40
41        android:value="2" />
41-->src\main\AndroidManifest.xml:52:9-26
42
43    <application
43-->src\main\AndroidManifest.xml:31:5-48:19
44        android:appComponentFactory="androidx.core.app.CoreComponentFactory"
44-->[androidx.core:core:1.7.0] AndroidManifest.xml:24:18-86
45        android:debuggable="true"
46        android:icon="@mipmap/ic_launcher"
46-->src\main\AndroidManifest.xml:33:9-43
47        android:label="BLE" >
47-->src\main\AndroidManifest.xml:32:9-28
48        <activity
48-->src\main\AndroidManifest.xml:34:9-47:20
49            android:name="com.signify.hue.reactivebleexample.MainActivity"
49-->src\main\AndroidManifest.xml:35:13-75
50            android:configChanges="orientation|keyboardHidden|keyboard|screenSize|locale|layoutDirection|fontScale|screenLayout|density"
50-->src\main\AndroidManifest.xml:38:13-137
51            android:exported="true"
51-->src\main\AndroidManifest.xml:41:13-36
52            android:hardwareAccelerated="true"
52-->src\main\AndroidManifest.xml:39:13-47
53            android:launchMode="singleTop"
53-->src\main\AndroidManifest.xml:36:13-43
54            android:theme="@style/LaunchTheme"
54-->src\main\AndroidManifest.xml:37:13-47
55            android:windowSoftInputMode="adjustResize" >
55-->src\main\AndroidManifest.xml:40:13-55
56            <intent-filter>
56-->src\main\AndroidManifest.xml:43:13-46:29
57                <action android:name="android.intent.action.MAIN" />
57-->src\main\AndroidManifest.xml:44:17-68
57-->src\main\AndroidManifest.xml:44:25-66
58
59                <category android:name="android.intent.category.LAUNCHER" />
59-->src\main\AndroidManifest.xml:45:17-76
59-->src\main\AndroidManifest.xml:45:27-74
60            </intent-filter>
61        </activity>
62
63        <provider
63-->[:share_plus] AndroidManifest.xml:8:9-16:20
64            android:name="dev.fluttercommunity.plus.share.ShareFileProvider"
64-->[:share_plus] AndroidManifest.xml:9:13-77
65            android:authorities="com.signify.hue.reactivebleexample.flutter.share_provider"
65-->[:share_plus] AndroidManifest.xml:10:13-74
66            android:exported="false"
66-->[:share_plus] AndroidManifest.xml:11:13-37
67            android:grantUriPermissions="true" >
67-->[:share_plus] AndroidManifest.xml:12:13-47
68            <meta-data
68-->[:share_plus] AndroidManifest.xml:13:13-15:68
69                android:name="android.support.FILE_PROVIDER_PATHS"
69-->[:share_plus] AndroidManifest.xml:14:17-67
70                android:resource="@xml/flutter_share_file_paths" />
70-->[:share_plus] AndroidManifest.xml:15:17-65
71        </provider>
72
73        <activity
73-->[:url_launcher_android] AndroidManifest.xml:8:9-11:74
74            android:name="io.flutter.plugins.urllauncher.WebViewActivity"
74-->[:url_launcher_android] AndroidManifest.xml:9:13-74
75            android:exported="false"
75-->[:url_launcher_android] AndroidManifest.xml:10:13-37
76            android:theme="@android:style/Theme.NoTitleBar.Fullscreen" />
76-->[:url_launcher_android] AndroidManifest.xml:11:13-71
77
78        <uses-library
78-->[androidx.window:window:1.0.0-beta04] AndroidManifest.xml:25:9-27:40
79            android:name="androidx.window.extensions"
79-->[androidx.window:window:1.0.0-beta04] AndroidManifest.xml:26:13-54
80            android:required="false" />
80-->[androidx.window:window:1.0.0-beta04] AndroidManifest.xml:27:13-37
81        <uses-library
81-->[androidx.window:window:1.0.0-beta04] AndroidManifest.xml:28:9-30:40
82            android:name="androidx.window.sidecar"
82-->[androidx.window:window:1.0.0-beta04] AndroidManifest.xml:29:13-51
83            android:required="false" />
83-->[androidx.window:window:1.0.0-beta04] AndroidManifest.xml:30:13-37
84    </application>
85
86</manifest>